0 info it worked if it ends with ok
1 verbose cli [ '/usr/local/bin/node', '/usr/local/bin/npm', 'start' ]
2 info using npm@3.10.9
3 info using node@v6.9.2
4 verbose run-script [ 'prestart', 'start', 'poststart' ]
5 info lifecycle trivia-app@0.1.0~prestart: trivia-app@0.1.0
6 silly lifecycle trivia-app@0.1.0~prestart: no script for prestart, continuing
7 info lifecycle trivia-app@0.1.0~start: trivia-app@0.1.0
8 verbose lifecycle trivia-app@0.1.0~start: unsafe-perm in lifecycle true
9 verbose lifecycle trivia-app@0.1.0~start: PATH: /usr/local/lib/node_modules/npm/bin/node-gyp-bin:/Users/Amajimoda/Desktop/Udacity-homework/homework-02-clean-slate/FSND-master/projects/02_trivia_api/starter/frontend/node_modules/.bin:/Users/Amajimoda/.pyenv/shims:/Library/Frameworks/Python.framework/Versions/3.8/bin:/usr/local/bin:/usr/bin:/bin:/usr/sbin:/sbin:/usr/local/share/dotnet:/Library/Apple/usr/bin:/Library/Frameworks/Mono.framework/Versions/Current/Commands:/Users/Amajimoda/.pyenv/shims:/Library/Frameworks/Python.framework/Versions/3.8/bin:/Applications/Postgres.app/Contents/Versions/12/bin:/Applications/Postgres.app/Contents/Versions/12/bin
10 verbose lifecycle trivia-app@0.1.0~start: CWD: /Users/Amajimoda/Desktop/Udacity-homework/homework-02-clean-slate/FSND-master/projects/02_trivia_api/starter/frontend
11 silly lifecycle trivia-app@0.1.0~start: Args: [ '-c', 'node node_modules/react-scripts/scripts/start.js' ]
12 silly lifecycle trivia-app@0.1.0~start: Returned: code: 1  signal: null
13 info lifecycle trivia-app@0.1.0~start: Failed to exec start script
14 verbose stack Error: trivia-app@0.1.0 start: `node node_modules/react-scripts/scripts/start.js`
14 verbose stack Exit status 1
14 verbose stack     at EventEmitter.<anonymous> (/usr/local/lib/node_modules/npm/lib/utils/lifecycle.js:255:16)
14 verbose stack     at emitTwo (events.js:106:13)
14 verbose stack     at EventEmitter.emit (events.js:191:7)
14 verbose stack     at ChildProcess.<anonymous> (/usr/local/lib/node_modules/npm/lib/utils/spawn.js:40:14)
14 verbose stack     at emitTwo (events.js:106:13)
14 verbose stack     at ChildProcess.emit (events.js:191:7)
14 verbose stack     at maybeClose (internal/child_process.js:877:16)
14 verbose stack     at Process.ChildProcess._handle.onexit (internal/child_process.js:226:5)
15 verbose pkgid trivia-app@0.1.0
16 verbose cwd /Users/Amajimoda/Desktop/Udacity-homework/homework-02-clean-slate/FSND-master/projects/02_trivia_api/starter/frontend
17 error Darwin 19.6.0
18 error argv "/usr/local/bin/node" "/usr/local/bin/npm" "start"
19 error node v6.9.2
20 error npm  v3.10.9
21 error code ELIFECYCLE
22 error trivia-app@0.1.0 start: `node node_modules/react-scripts/scripts/start.js`
22 error Exit status 1
23 error Failed at the trivia-app@0.1.0 start script 'node node_modules/react-scripts/scripts/start.js'.
23 error Make sure you have the latest version of node.js and npm installed.
23 error If you do, this is most likely a problem with the trivia-app package,
23 error not with npm itself.
23 error Tell the author that this fails on your system:
23 error     node node_modules/react-scripts/scripts/start.js
23 error You can get information on how to open an issue for this project with:
23 error     npm bugs trivia-app
23 error Or if that isn't available, you can get their info via:
23 error     npm owner ls trivia-app
23 error There is likely additional logging output above.
24 verbose exit [ 1, true ]
